running egg_info
writing ../../build/angular_vel_demo/angular_vel_demo.egg-info/PKG-INFO
writing dependency_links to ../../build/angular_vel_demo/angular_vel_demo.egg-info/dependency_links.txt
writing entry points to ../../build/angular_vel_demo/angular_vel_demo.egg-info/entry_points.txt
writing requirements to ../../build/angular_vel_demo/angular_vel_demo.egg-info/requires.txt
writing top-level names to ../../build/angular_vel_demo/angular_vel_demo.egg-info/top_level.txt
reading manifest file '../../build/angular_vel_demo/angular_vel_demo.egg-info/SOURCES.txt'
writing manifest file '../../build/angular_vel_demo/angular_vel_demo.egg-info/SOURCES.txt'
running build
running build_py
copying angular_vel_demo/angular_vel.py -> /home/drwise/ros2_ws/build/angular_vel_demo/build/lib/angular_vel_demo
running install
running install_lib
copying /home/drwise/ros2_ws/build/angular_vel_demo/build/lib/angular_vel_demo/angular_vel.py -> /home/drwise/ros2_ws/install/angular_vel_demo/lib/python3.12/site-packages/angular_vel_demo
byte-compiling /home/drwise/ros2_ws/install/angular_vel_demo/lib/python3.12/site-packages/angular_vel_demo/angular_vel.py to angular_vel.cpython-312.pyc
running install_data
running install_egg_info
removing '/home/drwise/ros2_ws/install/angular_vel_demo/lib/python3.12/site-packages/angular_vel_demo-0.0.0-py3.12.egg-info' (and everything under it)
Copying ../../build/angular_vel_demo/angular_vel_demo.egg-info to /home/drwise/ros2_ws/install/angular_vel_demo/lib/python3.12/site-packages/angular_vel_demo-0.0.0-py3.12.egg-info
running install_scripts
Installing circle_motion_node script to /home/drwise/ros2_ws/install/angular_vel_demo/lib/angular_vel_demo
writing list of installed files to '/home/drwise/ros2_ws/build/angular_vel_demo/install.log'
