[1.018s] Invoking command in '/home/drwise/ros2_ws/src/angular_vel_demo': DEBUGINFOD_URLS=https://debuginfod.ubuntu.com PYTHONPATH=/home/drwise/ros2_ws/build/angular_vel_demo/prefix_override:/usr/lib/python3/dist-packages/colcon_core/task/python/colcon_distutils_commands:/home/drwise/ros2_ws/install/angular_vel_demo/lib/python3.12/site-packages:${PYTHONPATH} /usr/bin/python3 -W ignore:setup.py install is deprecated -W ignore:easy_install command is deprecated setup.py egg_info --egg-base ../../build/angular_vel_demo build --build-base /home/drwise/ros2_ws/build/angular_vel_demo/build install --record /home/drwise/ros2_ws/build/angular_vel_demo/install.log --single-version-externally-managed install_data
[1.282s] running egg_info
[1.304s] writing ../../build/angular_vel_demo/angular_vel_demo.egg-info/PKG-INFO
[1.305s] writing dependency_links to ../../build/angular_vel_demo/angular_vel_demo.egg-info/dependency_links.txt
[1.306s] writing entry points to ../../build/angular_vel_demo/angular_vel_demo.egg-info/entry_points.txt
[1.306s] writing requirements to ../../build/angular_vel_demo/angular_vel_demo.egg-info/requires.txt
[1.306s] writing top-level names to ../../build/angular_vel_demo/angular_vel_demo.egg-info/top_level.txt
[1.343s] reading manifest file '../../build/angular_vel_demo/angular_vel_demo.egg-info/SOURCES.txt'
[1.344s] writing manifest file '../../build/angular_vel_demo/angular_vel_demo.egg-info/SOURCES.txt'
[1.345s] running build
[1.345s] running build_py
[1.345s] copying angular_vel_demo/angular_vel.py -> /home/drwise/ros2_ws/build/angular_vel_demo/build/lib/angular_vel_demo
[1.345s] running install
[1.351s] running install_lib
[1.367s] copying /home/drwise/ros2_ws/build/angular_vel_demo/build/lib/angular_vel_demo/angular_vel.py -> /home/drwise/ros2_ws/install/angular_vel_demo/lib/python3.12/site-packages/angular_vel_demo
[1.368s] byte-compiling /home/drwise/ros2_ws/install/angular_vel_demo/lib/python3.12/site-packages/angular_vel_demo/angular_vel.py to angular_vel.cpython-312.pyc
[1.369s] running install_data
[1.369s] running install_egg_info
[1.389s] removing '/home/drwise/ros2_ws/install/angular_vel_demo/lib/python3.12/site-packages/angular_vel_demo-0.0.0-py3.12.egg-info' (and everything under it)
[1.389s] Copying ../../build/angular_vel_demo/angular_vel_demo.egg-info to /home/drwise/ros2_ws/install/angular_vel_demo/lib/python3.12/site-packages/angular_vel_demo-0.0.0-py3.12.egg-info
[1.390s] running install_scripts
[1.503s] Installing circle_motion_node script to /home/drwise/ros2_ws/install/angular_vel_demo/lib/angular_vel_demo
[1.503s] writing list of installed files to '/home/drwise/ros2_ws/build/angular_vel_demo/install.log'
[1.537s] Invoked command in '/home/drwise/ros2_ws/src/angular_vel_demo' returned '0': DEBUGINFOD_URLS=https://debuginfod.ubuntu.com PYTHONPATH=/home/drwise/ros2_ws/build/angular_vel_demo/prefix_override:/usr/lib/python3/dist-packages/colcon_core/task/python/colcon_distutils_commands:/home/drwise/ros2_ws/install/angular_vel_demo/lib/python3.12/site-packages:${PYTHONPATH} /usr/bin/python3 -W ignore:setup.py install is deprecated -W ignore:easy_install command is deprecated setup.py egg_info --egg-base ../../build/angular_vel_demo build --build-base /home/drwise/ros2_ws/build/angular_vel_demo/build install --record /home/drwise/ros2_ws/build/angular_vel_demo/install.log --single-version-externally-managed install_data
