[1.316s] Invoking command in '/home/drwise/ros2_ws/src/my_py_pkg': DEBUGINFOD_URLS=https://debuginfod.ubuntu.com PYTHONPATH=/home/drwise/ros2_ws/build/my_py_pkg/prefix_override:/usr/lib/python3/dist-packages/colcon_core/task/python/colcon_distutils_commands:/home/drwise/ros2_ws/install/my_py_pkg/lib/python3.12/site-packages:${PYTHONPATH} /usr/bin/python3 -W ignore:setup.py install is deprecated -W ignore:easy_install command is deprecated setup.py egg_info --egg-base ../../build/my_py_pkg build --build-base /home/drwise/ros2_ws/build/my_py_pkg/build install --record /home/drwise/ros2_ws/build/my_py_pkg/install.log --single-version-externally-managed install_data
[1.649s] running egg_info
[1.649s] creating ../../build/my_py_pkg/my_py_pkg.egg-info
[1.669s] writing ../../build/my_py_pkg/my_py_pkg.egg-info/PKG-INFO
[1.669s] writing dependency_links to ../../build/my_py_pkg/my_py_pkg.egg-info/dependency_links.txt
[1.670s] writing requirements to ../../build/my_py_pkg/my_py_pkg.egg-info/requires.txt
[1.670s] writing top-level names to ../../build/my_py_pkg/my_py_pkg.egg-info/top_level.txt
[1.670s] writing manifest file '../../build/my_py_pkg/my_py_pkg.egg-info/SOURCES.txt'
[1.714s] reading manifest file '../../build/my_py_pkg/my_py_pkg.egg-info/SOURCES.txt'
[1.715s] writing manifest file '../../build/my_py_pkg/my_py_pkg.egg-info/SOURCES.txt'
[1.715s] running build
[1.715s] running build_py
[1.715s] creating /home/drwise/ros2_ws/build/my_py_pkg/build
[1.716s] creating /home/drwise/ros2_ws/build/my_py_pkg/build/lib
[1.716s] creating /home/drwise/ros2_ws/build/my_py_pkg/build/lib/my_py_pkg
[1.716s] copying my_py_pkg/__init__.py -> /home/drwise/ros2_ws/build/my_py_pkg/build/lib/my_py_pkg
[1.716s] running install
[1.723s] running install_lib
[1.744s] creating /home/drwise/ros2_ws/install/my_py_pkg/lib/python3.12/site-packages/my_py_pkg
[1.745s] copying /home/drwise/ros2_ws/build/my_py_pkg/build/lib/my_py_pkg/__init__.py -> /home/drwise/ros2_ws/install/my_py_pkg/lib/python3.12/site-packages/my_py_pkg
[1.745s] byte-compiling /home/drwise/ros2_ws/install/my_py_pkg/lib/python3.12/site-packages/my_py_pkg/__init__.py to __init__.cpython-312.pyc
[1.746s] running install_data
[1.746s] creating /home/drwise/ros2_ws/install/my_py_pkg/share/ament_index
[1.746s] creating /home/drwise/ros2_ws/install/my_py_pkg/share/ament_index/resource_index
[1.746s] creating /home/drwise/ros2_ws/install/my_py_pkg/share/ament_index/resource_index/packages
[1.746s] copying resource/my_py_pkg -> /home/drwise/ros2_ws/install/my_py_pkg/share/ament_index/resource_index/packages
[1.746s] copying package.xml -> /home/drwise/ros2_ws/install/my_py_pkg/share/my_py_pkg
[1.746s] running install_egg_info
[1.768s] Copying ../../build/my_py_pkg/my_py_pkg.egg-info to /home/drwise/ros2_ws/install/my_py_pkg/lib/python3.12/site-packages/my_py_pkg-0.0.0-py3.12.egg-info
[1.769s] running install_scripts
[1.921s] writing list of installed files to '/home/drwise/ros2_ws/build/my_py_pkg/install.log'
[1.961s] Invoked command in '/home/drwise/ros2_ws/src/my_py_pkg' returned '0': DEBUGINFOD_URLS=https://debuginfod.ubuntu.com PYTHONPATH=/home/drwise/ros2_ws/build/my_py_pkg/prefix_override:/usr/lib/python3/dist-packages/colcon_core/task/python/colcon_distutils_commands:/home/drwise/ros2_ws/install/my_py_pkg/lib/python3.12/site-packages:${PYTHONPATH} /usr/bin/python3 -W ignore:setup.py install is deprecated -W ignore:easy_install command is deprecated setup.py egg_info --egg-base ../../build/my_py_pkg build --build-base /home/drwise/ros2_ws/build/my_py_pkg/build install --record /home/drwise/ros2_ws/build/my_py_pkg/install.log --single-version-externally-managed install_data
