[0.957s] Invoking command in '/home/drwise/ros2_ws/src/my_py_pkg': DEBUGINFOD_URLS=https://debuginfod.ubuntu.com PYTHONPATH=/home/drwise/ros2_ws/build/my_py_pkg/prefix_override:/usr/lib/python3/dist-packages/colcon_core/task/python/colcon_distutils_commands:/home/drwise/ros2_ws/install/my_py_pkg/lib/python3.12/site-packages:${PYTHONPATH} /usr/bin/python3 -W ignore:setup.py install is deprecated -W ignore:easy_install command is deprecated setup.py egg_info --egg-base ../../build/my_py_pkg build --build-base /home/drwise/ros2_ws/build/my_py_pkg/build install --record /home/drwise/ros2_ws/build/my_py_pkg/install.log --single-version-externally-managed install_data
[1.210s] running egg_info
[1.227s] writing ../../build/my_py_pkg/my_py_pkg.egg-info/PKG-INFO
[1.227s] writing dependency_links to ../../build/my_py_pkg/my_py_pkg.egg-info/dependency_links.txt
[1.227s] writing entry points to ../../build/my_py_pkg/my_py_pkg.egg-info/entry_points.txt
[1.227s] writing requirements to ../../build/my_py_pkg/my_py_pkg.egg-info/requires.txt
[1.227s] writing top-level names to ../../build/my_py_pkg/my_py_pkg.egg-info/top_level.txt
[1.262s] reading manifest file '../../build/my_py_pkg/my_py_pkg.egg-info/SOURCES.txt'
[1.263s] writing manifest file '../../build/my_py_pkg/my_py_pkg.egg-info/SOURCES.txt'
[1.263s] running build
[1.263s] running build_py
[1.263s] copying my_py_pkg/number_publisher.py -> /home/drwise/ros2_ws/build/my_py_pkg/build/lib/my_py_pkg
[1.264s] running install
[1.270s] running install_lib
[1.287s] copying /home/drwise/ros2_ws/build/my_py_pkg/build/lib/my_py_pkg/number_publisher.py -> /home/drwise/ros2_ws/install/my_py_pkg/lib/python3.12/site-packages/my_py_pkg
[1.288s] byte-compiling /home/drwise/ros2_ws/install/my_py_pkg/lib/python3.12/site-packages/my_py_pkg/number_publisher.py to number_publisher.cpython-312.pyc
[1.290s] running install_data
[1.290s] running install_egg_info
[1.322s] removing '/home/drwise/ros2_ws/install/my_py_pkg/lib/python3.12/site-packages/my_py_pkg-0.0.0-py3.12.egg-info' (and everything under it)
[1.322s] Copying ../../build/my_py_pkg/my_py_pkg.egg-info to /home/drwise/ros2_ws/install/my_py_pkg/lib/python3.12/site-packages/my_py_pkg-0.0.0-py3.12.egg-info
[1.323s] running install_scripts
[1.437s] Installing my_custom_node script to /home/drwise/ros2_ws/install/my_py_pkg/lib/my_py_pkg
[1.437s] Installing number_publisher script to /home/drwise/ros2_ws/install/my_py_pkg/lib/my_py_pkg
[1.438s] writing list of installed files to '/home/drwise/ros2_ws/build/my_py_pkg/install.log'
[1.467s] Invoked command in '/home/drwise/ros2_ws/src/my_py_pkg' returned '0': DEBUGINFOD_URLS=https://debuginfod.ubuntu.com PYTHONPATH=/home/drwise/ros2_ws/build/my_py_pkg/prefix_override:/usr/lib/python3/dist-packages/colcon_core/task/python/colcon_distutils_commands:/home/drwise/ros2_ws/install/my_py_pkg/lib/python3.12/site-packages:${PYTHONPATH} /usr/bin/python3 -W ignore:setup.py install is deprecated -W ignore:easy_install command is deprecated setup.py egg_info --egg-base ../../build/my_py_pkg build --build-base /home/drwise/ros2_ws/build/my_py_pkg/build install --record /home/drwise/ros2_ws/build/my_py_pkg/install.log --single-version-externally-managed install_data
