[0.040s] Invoking command in '/home/drwise/ros2_ws/build/my_cpp_pkg': CMAKE_PREFIX_PATH=${CMAKE_PREFIX_PATH}:/opt/ros/jazzy DEBUGINFOD_URLS=https://debuginfod.ubuntu.com /usr/bin/cmake /home/drwise/ros2_ws/src/my_cpp_pkg -DCMAKE_INSTALL_PREFIX=/home/drwise/ros2_ws/install/my_cpp_pkg
[0.219s] -- The C compiler identification is GNU 13.3.0
[0.372s] -- The CXX compiler identification is GNU 13.3.0
[0.413s] -- Detecting C compiler ABI info
[0.562s] -- Detecting C compiler ABI info - done
[0.584s] -- Check for working C compiler: /usr/bin/cc - skipped
[0.585s] -- Detecting C compile features
[0.586s] -- Detecting C compile features - done
[0.608s] -- Detecting CXX compiler ABI info
[0.783s] -- Detecting CXX compiler ABI info - done
[0.807s] -- Check for working CXX compiler: /usr/bin/c++ - skipped
[0.807s] -- Detecting CXX compile features
[0.809s] -- Detecting CXX compile features - done
[0.828s] -- Found ament_cmake: 2.5.4 (/opt/ros/jazzy/share/ament_cmake/cmake)
[1.168s] -- Found Python3: /usr/bin/python3 (found version "3.12.3") found components: Interpreter 
[1.374s] -- Found rclcpp: 28.1.12 (/opt/ros/jazzy/share/rclcpp/cmake)
[1.453s] -- Found rosidl_generator_c: 4.6.6 (/opt/ros/jazzy/share/rosidl_generator_c/cmake)
[1.478s] -- Found rosidl_generator_cpp: 4.6.6 (/opt/ros/jazzy/share/rosidl_generator_cpp/cmake)
[1.511s] -- Using all available rosidl_typesupport_c: rosidl_typesupport_fastrtps_c;rosidl_typesupport_introspection_c
[1.544s] -- Using all available rosidl_typesupport_cpp: rosidl_typesupport_fastrtps_cpp;rosidl_typesupport_introspection_cpp
[1.684s] -- Found rmw_implementation_cmake: 7.3.2 (/opt/ros/jazzy/share/rmw_implementation_cmake/cmake)
[1.690s] -- Found rmw_fastrtps_cpp: 8.4.3 (/opt/ros/jazzy/share/rmw_fastrtps_cpp/cmake)
[1.895s] -- Found OpenSSL: /usr/lib/x86_64-linux-gnu/libcrypto.so (found version "3.0.13")  
[1.954s] -- Found FastRTPS: /opt/ros/jazzy/include (Required is at least version "2.13") 
[1.995s] -- Using RMW implementation 'rmw_fastrtps_cpp' as default
[2.131s] -- Found ament_lint_auto: 0.17.3 (/opt/ros/jazzy/share/ament_lint_auto/cmake)
[2.288s] -- Added test 'lint_cmake' to check CMake code style
[2.292s] -- Added test 'xmllint' to check XML markup files
[2.296s] -- Configuring done (2.2s)
[2.303s] -- Generating done (0.0s)
[2.308s] -- Build files have been written to: /home/drwise/ros2_ws/build/my_cpp_pkg
[2.329s] Invoked command in '/home/drwise/ros2_ws/build/my_cpp_pkg' returned '0': CMAKE_PREFIX_PATH=${CMAKE_PREFIX_PATH}:/opt/ros/jazzy DEBUGINFOD_URLS=https://debuginfod.ubuntu.com /usr/bin/cmake /home/drwise/ros2_ws/src/my_cpp_pkg -DCMAKE_INSTALL_PREFIX=/home/drwise/ros2_ws/install/my_cpp_pkg
[2.330s] Invoking command in '/home/drwise/ros2_ws/build/my_cpp_pkg': CMAKE_PREFIX_PATH=${CMAKE_PREFIX_PATH}:/opt/ros/jazzy DEBUGINFOD_URLS=https://debuginfod.ubuntu.com /usr/bin/cmake --build /home/drwise/ros2_ws/build/my_cpp_pkg -- -j12 -l12
[2.402s] Invoked command in '/home/drwise/ros2_ws/build/my_cpp_pkg' returned '0': CMAKE_PREFIX_PATH=${CMAKE_PREFIX_PATH}:/opt/ros/jazzy DEBUGINFOD_URLS=https://debuginfod.ubuntu.com /usr/bin/cmake --build /home/drwise/ros2_ws/build/my_cpp_pkg -- -j12 -l12
[2.422s] Invoking command in '/home/drwise/ros2_ws/build/my_cpp_pkg': CMAKE_PREFIX_PATH=${CMAKE_PREFIX_PATH}:/opt/ros/jazzy DEBUGINFOD_URLS=https://debuginfod.ubuntu.com /usr/bin/cmake --install /home/drwise/ros2_ws/build/my_cpp_pkg
[2.434s] -- Install configuration: ""
[2.434s] -- Installing: /home/drwise/ros2_ws/install/my_cpp_pkg/share/ament_index/resource_index/package_run_dependencies/my_cpp_pkg
[2.434s] -- Installing: /home/drwise/ros2_ws/install/my_cpp_pkg/share/ament_index/resource_index/parent_prefix_path/my_cpp_pkg
[2.435s] -- Installing: /home/drwise/ros2_ws/install/my_cpp_pkg/share/my_cpp_pkg/environment/ament_prefix_path.sh
[2.435s] -- Installing: /home/drwise/ros2_ws/install/my_cpp_pkg/share/my_cpp_pkg/environment/ament_prefix_path.dsv
[2.435s] -- Installing: /home/drwise/ros2_ws/install/my_cpp_pkg/share/my_cpp_pkg/environment/path.sh
[2.435s] -- Installing: /home/drwise/ros2_ws/install/my_cpp_pkg/share/my_cpp_pkg/environment/path.dsv
[2.435s] -- Installing: /home/drwise/ros2_ws/install/my_cpp_pkg/share/my_cpp_pkg/local_setup.bash
[2.436s] -- Installing: /home/drwise/ros2_ws/install/my_cpp_pkg/share/my_cpp_pkg/local_setup.sh
[2.436s] -- Installing: /home/drwise/ros2_ws/install/my_cpp_pkg/share/my_cpp_pkg/local_setup.zsh
[2.436s] -- Installing: /home/drwise/ros2_ws/install/my_cpp_pkg/share/my_cpp_pkg/local_setup.dsv
[2.436s] -- Installing: /home/drwise/ros2_ws/install/my_cpp_pkg/share/my_cpp_pkg/package.dsv
[2.436s] -- Installing: /home/drwise/ros2_ws/install/my_cpp_pkg/share/ament_index/resource_index/packages/my_cpp_pkg
[2.436s] -- Installing: /home/drwise/ros2_ws/install/my_cpp_pkg/share/my_cpp_pkg/cmake/my_cpp_pkgConfig.cmake
[2.436s] -- Installing: /home/drwise/ros2_ws/install/my_cpp_pkg/share/my_cpp_pkg/cmake/my_cpp_pkgConfig-version.cmake
[2.437s] -- Installing: /home/drwise/ros2_ws/install/my_cpp_pkg/share/my_cpp_pkg/package.xml
[2.438s] Invoked command in '/home/drwise/ros2_ws/build/my_cpp_pkg' returned '0': CMAKE_PREFIX_PATH=${CMAKE_PREFIX_PATH}:/opt/ros/jazzy DEBUGINFOD_URLS=https://debuginfod.ubuntu.com /usr/bin/cmake --install /home/drwise/ros2_ws/build/my_cpp_pkg
