[1.040s] Invoking command in '/home/drwise/ros2_ws/src/angular_vel_demo': DEBUGINFOD_URLS=https://debuginfod.ubuntu.com PYTHONPATH=/home/drwise/ros2_ws/build/angular_vel_demo/prefix_override:/usr/lib/python3/dist-packages/colcon_core/task/python/colcon_distutils_commands:/home/drwise/ros2_ws/install/angular_vel_demo/lib/python3.12/site-packages:${PYTHONPATH} /usr/bin/python3 -W ignore:setup.py install is deprecated -W ignore:easy_install command is deprecated setup.py egg_info --egg-base ../../build/angular_vel_demo build --build-base /home/drwise/ros2_ws/build/angular_vel_demo/build install --record /home/drwise/ros2_ws/build/angular_vel_demo/install.log --single-version-externally-managed install_data
[1.298s] running egg_info
[1.317s] writing ../../build/angular_vel_demo/angular_vel_demo.egg-info/PKG-INFO
[1.317s] writing dependency_links to ../../build/angular_vel_demo/angular_vel_demo.egg-info/dependency_links.txt
[1.318s] writing entry points to ../../build/angular_vel_demo/angular_vel_demo.egg-info/entry_points.txt
[1.318s] writing requirements to ../../build/angular_vel_demo/angular_vel_demo.egg-info/requires.txt
[1.318s] writing top-level names to ../../build/angular_vel_demo/angular_vel_demo.egg-info/top_level.txt
[1.353s] reading manifest file '../../build/angular_vel_demo/angular_vel_demo.egg-info/SOURCES.txt'
[1.354s] writing manifest file '../../build/angular_vel_demo/angular_vel_demo.egg-info/SOURCES.txt'
[1.354s] running build
[1.355s] running build_py
[1.355s] running install
[1.361s] running install_lib
[1.377s] running install_data
[1.377s] copying package.xml -> /home/drwise/ros2_ws/install/angular_vel_demo/share/angular_vel_demo
[1.378s] running install_egg_info
[1.397s] removing '/home/drwise/ros2_ws/install/angular_vel_demo/lib/python3.12/site-packages/angular_vel_demo-0.0.0-py3.12.egg-info' (and everything under it)
[1.397s] Copying ../../build/angular_vel_demo/angular_vel_demo.egg-info to /home/drwise/ros2_ws/install/angular_vel_demo/lib/python3.12/site-packages/angular_vel_demo-0.0.0-py3.12.egg-info
[1.398s] running install_scripts
[1.561s] Installing circle_motion_node script to /home/drwise/ros2_ws/install/angular_vel_demo/lib/angular_vel_demo
[1.562s] writing list of installed files to '/home/drwise/ros2_ws/build/angular_vel_demo/install.log'
[1.621s] Invoked command in '/home/drwise/ros2_ws/src/angular_vel_demo' returned '0': DEBUGINFOD_URLS=https://debuginfod.ubuntu.com PYTHONPATH=/home/drwise/ros2_ws/build/angular_vel_demo/prefix_override:/usr/lib/python3/dist-packages/colcon_core/task/python/colcon_distutils_commands:/home/drwise/ros2_ws/install/angular_vel_demo/lib/python3.12/site-packages:${PYTHONPATH} /usr/bin/python3 -W ignore:setup.py install is deprecated -W ignore:easy_install command is deprecated setup.py egg_info --egg-base ../../build/angular_vel_demo build --build-base /home/drwise/ros2_ws/build/angular_vel_demo/build install --record /home/drwise/ros2_ws/build/angular_vel_demo/install.log --single-version-externally-managed install_data
