/home/drwise/ros2_ws/install/my_py_pkg/lib/python3.12/site-packages/my_py_pkg/number_publisher.py
/home/drwise/ros2_ws/install/my_py_pkg/lib/python3.12/site-packages/my_py_pkg/__init__.py
/home/drwise/ros2_ws/install/my_py_pkg/lib/python3.12/site-packages/my_py_pkg/my_custom_node.py
/home/drwise/ros2_ws/install/my_py_pkg/lib/python3.12/site-packages/my_py_pkg/number_subscriber.py
/home/drwise/ros2_ws/install/my_py_pkg/lib/python3.12/site-packages/my_py_pkg/__pycache__/number_publisher.cpython-312.pyc
/home/drwise/ros2_ws/install/my_py_pkg/lib/python3.12/site-packages/my_py_pkg/__pycache__/__init__.cpython-312.pyc
/home/drwise/ros2_ws/install/my_py_pkg/lib/python3.12/site-packages/my_py_pkg/__pycache__/my_custom_node.cpython-312.pyc
/home/drwise/ros2_ws/install/my_py_pkg/lib/python3.12/site-packages/my_py_pkg/__pycache__/number_subscriber.cpython-312.pyc
/home/drwise/ros2_ws/install/my_py_pkg/share/ament_index/resource_index/packages/my_py_pkg
/home/drwise/ros2_ws/install/my_py_pkg/share/my_py_pkg/package.xml
/home/drwise/ros2_ws/install/my_py_pkg/lib/python3.12/site-packages/my_py_pkg-0.0.0-py3.12.egg-info/zip-safe
/home/drwise/ros2_ws/install/my_py_pkg/lib/python3.12/site-packages/my_py_pkg-0.0.0-py3.12.egg-info/PKG-INFO
/home/drwise/ros2_ws/install/my_py_pkg/lib/python3.12/site-packages/my_py_pkg-0.0.0-py3.12.egg-info/requires.txt
/home/drwise/ros2_ws/install/my_py_pkg/lib/python3.12/site-packages/my_py_pkg-0.0.0-py3.12.egg-info/entry_points.txt
/home/drwise/ros2_ws/install/my_py_pkg/lib/python3.12/site-packages/my_py_pkg-0.0.0-py3.12.egg-info/SOURCES.txt
/home/drwise/ros2_ws/install/my_py_pkg/lib/python3.12/site-packages/my_py_pkg-0.0.0-py3.12.egg-info/top_level.txt
/home/drwise/ros2_ws/install/my_py_pkg/lib/python3.12/site-packages/my_py_pkg-0.0.0-py3.12.egg-info/dependency_links.txt
/home/drwise/ros2_ws/install/my_py_pkg/lib/my_py_pkg/my_custom_node
/home/drwise/ros2_ws/install/my_py_pkg/lib/my_py_pkg/number_publisher
/home/drwise/ros2_ws/install/my_py_pkg/lib/my_py_pkg/number_subscriber_node
