-- The C compiler identification is GNU 13.3.0
-- The CXX compiler identification is GNU 13.3.0
-- Detecting C compiler ABI info
-- Detecting C compiler ABI info - done
-- Check for working C compiler: /usr/bin/cc - skipped
-- Detecting C compile features
-- Detecting C compile features - done
-- Detecting CXX compiler ABI info
-- Detecting CXX compiler ABI info - done
-- Check for working CXX compiler: /usr/bin/c++ - skipped
-- Detecting CXX compile features
-- Detecting CXX compile features - done
-- Found ament_cmake: 2.5.4 (/opt/ros/jazzy/share/ament_cmake/cmake)
-- Found Python3: /usr/bin/python3 (found version "3.12.3") found components: Interpreter 
-- Found ament_lint_auto: 0.17.3 (/opt/ros/jazzy/share/ament_lint_auto/cmake)
-- Added test 'lint_cmake' to check CMake code style
-- Added test 'xmllint' to check XML markup files
-- Configuring done (1.0s)
-- Generating done (0.0s)
-- Build files have been written to: /home/drwise/ros2_ws/build/angular_vel
-- Install configuration: ""
-- Installing: /home/drwise/ros2_ws/install/angular_vel/share/ament_index/resource_index/package_run_dependencies/angular_vel
-- Installing: /home/drwise/ros2_ws/install/angular_vel/share/ament_index/resource_index/parent_prefix_path/angular_vel
-- Installing: /home/drwise/ros2_ws/install/angular_vel/share/angular_vel/environment/ament_prefix_path.sh
-- Installing: /home/drwise/ros2_ws/install/angular_vel/share/angular_vel/environment/ament_prefix_path.dsv
-- Installing: /home/drwise/ros2_ws/install/angular_vel/share/angular_vel/environment/path.sh
-- Installing: /home/drwise/ros2_ws/install/angular_vel/share/angular_vel/environment/path.dsv
-- Installing: /home/drwise/ros2_ws/install/angular_vel/share/angular_vel/local_setup.bash
-- Installing: /home/drwise/ros2_ws/install/angular_vel/share/angular_vel/local_setup.sh
-- Installing: /home/drwise/ros2_ws/install/angular_vel/share/angular_vel/local_setup.zsh
-- Installing: /home/drwise/ros2_ws/install/angular_vel/share/angular_vel/local_setup.dsv
-- Installing: /home/drwise/ros2_ws/install/angular_vel/share/angular_vel/package.dsv
-- Installing: /home/drwise/ros2_ws/install/angular_vel/share/ament_index/resource_index/packages/angular_vel
-- Installing: /home/drwise/ros2_ws/install/angular_vel/share/angular_vel/cmake/angular_velConfig.cmake
-- Installing: /home/drwise/ros2_ws/install/angular_vel/share/angular_vel/cmake/angular_velConfig-version.cmake
-- Installing: /home/drwise/ros2_ws/install/angular_vel/share/angular_vel/package.xml
