[0.020s] Invoking command in '/home/drwise/ros2_ws/build/angular_vel': CMAKE_PREFIX_PATH=${CMAKE_PREFIX_PATH}:/opt/ros/jazzy DEBUGINFOD_URLS=https://debuginfod.ubuntu.com /usr/bin/cmake /home/drwise/ros2_ws/src/angular_vel -DCMAKE_INSTALL_PREFIX=/home/drwise/ros2_ws/install/angular_vel
[0.148s] -- The C compiler identification is GNU 13.3.0
[0.239s] -- The CXX compiler identification is GNU 13.3.0
[0.269s] -- Detecting C compiler ABI info
[0.394s] -- Detecting C compiler ABI info - done
[0.408s] -- Check for working C compiler: /usr/bin/cc - skipped
[0.409s] -- Detecting C compile features
[0.410s] -- Detecting C compile features - done
[0.424s] -- Detecting CXX compiler ABI info
[0.571s] -- Detecting CXX compiler ABI info - done
[0.585s] -- Check for working CXX compiler: /usr/bin/c++ - skipped
[0.585s] -- Detecting CXX compile features
[0.586s] -- Detecting CXX compile features - done
[0.594s] -- Found ament_cmake: 2.5.4 (/opt/ros/jazzy/share/ament_cmake/cmake)
[0.773s] -- Found Python3: /usr/bin/python3 (found version "3.12.3") found components: Interpreter 
[0.923s] -- Found ament_lint_auto: 0.17.3 (/opt/ros/jazzy/share/ament_lint_auto/cmake)
[1.042s] -- Added test 'lint_cmake' to check CMake code style
[1.044s] -- Added test 'xmllint' to check XML markup files
[1.046s] -- Configuring done (1.0s)
[1.048s] -- Generating done (0.0s)
[1.049s] -- Build files have been written to: /home/drwise/ros2_ws/build/angular_vel
[1.055s] Invoked command in '/home/drwise/ros2_ws/build/angular_vel' returned '0': CMAKE_PREFIX_PATH=${CMAKE_PREFIX_PATH}:/opt/ros/jazzy DEBUGINFOD_URLS=https://debuginfod.ubuntu.com /usr/bin/cmake /home/drwise/ros2_ws/src/angular_vel -DCMAKE_INSTALL_PREFIX=/home/drwise/ros2_ws/install/angular_vel
[1.056s] Invoking command in '/home/drwise/ros2_ws/build/angular_vel': CMAKE_PREFIX_PATH=${CMAKE_PREFIX_PATH}:/opt/ros/jazzy DEBUGINFOD_URLS=https://debuginfod.ubuntu.com /usr/bin/cmake --build /home/drwise/ros2_ws/build/angular_vel -- -j12 -l12
[1.116s] Invoked command in '/home/drwise/ros2_ws/build/angular_vel' returned '0': CMAKE_PREFIX_PATH=${CMAKE_PREFIX_PATH}:/opt/ros/jazzy DEBUGINFOD_URLS=https://debuginfod.ubuntu.com /usr/bin/cmake --build /home/drwise/ros2_ws/build/angular_vel -- -j12 -l12
[1.117s] Invoking command in '/home/drwise/ros2_ws/build/angular_vel': CMAKE_PREFIX_PATH=${CMAKE_PREFIX_PATH}:/opt/ros/jazzy DEBUGINFOD_URLS=https://debuginfod.ubuntu.com /usr/bin/cmake --install /home/drwise/ros2_ws/build/angular_vel
[1.131s] -- Install configuration: ""
[1.132s] -- Installing: /home/drwise/ros2_ws/install/angular_vel/share/ament_index/resource_index/package_run_dependencies/angular_vel
[1.132s] -- Installing: /home/drwise/ros2_ws/install/angular_vel/share/ament_index/resource_index/parent_prefix_path/angular_vel
[1.132s] -- Installing: /home/drwise/ros2_ws/install/angular_vel/share/angular_vel/environment/ament_prefix_path.sh
[1.132s] -- Installing: /home/drwise/ros2_ws/install/angular_vel/share/angular_vel/environment/ament_prefix_path.dsv
[1.133s] -- Installing: /home/drwise/ros2_ws/install/angular_vel/share/angular_vel/environment/path.sh
[1.133s] -- Installing: /home/drwise/ros2_ws/install/angular_vel/share/angular_vel/environment/path.dsv
[1.133s] -- Installing: /home/drwise/ros2_ws/install/angular_vel/share/angular_vel/local_setup.bash
[1.134s] -- Installing: /home/drwise/ros2_ws/install/angular_vel/share/angular_vel/local_setup.sh
[1.134s] -- Installing: /home/drwise/ros2_ws/install/angular_vel/share/angular_vel/local_setup.zsh
[1.134s] -- Installing: /home/drwise/ros2_ws/install/angular_vel/share/angular_vel/local_setup.dsv
[1.134s] -- Installing: /home/drwise/ros2_ws/install/angular_vel/share/angular_vel/package.dsv
[1.134s] -- Installing: /home/drwise/ros2_ws/install/angular_vel/share/ament_index/resource_index/packages/angular_vel
[1.135s] -- Installing: /home/drwise/ros2_ws/install/angular_vel/share/angular_vel/cmake/angular_velConfig.cmake
[1.135s] -- Installing: /home/drwise/ros2_ws/install/angular_vel/share/angular_vel/cmake/angular_velConfig-version.cmake
[1.135s] -- Installing: /home/drwise/ros2_ws/install/angular_vel/share/angular_vel/package.xml
[1.138s] Invoked command in '/home/drwise/ros2_ws/build/angular_vel' returned '0': CMAKE_PREFIX_PATH=${CMAKE_PREFIX_PATH}:/opt/ros/jazzy DEBUGINFOD_URLS=https://debuginfod.ubuntu.com /usr/bin/cmake --install /home/drwise/ros2_ws/build/angular_vel
