[0.967s] Invoking command in '/home/drwise/ros2_ws/src/my_py_pkg': DEBUGINFOD_URLS=https://debuginfod.ubuntu.com PYTHONPATH=/home/drwise/ros2_ws/build/my_py_pkg/prefix_override:/usr/lib/python3/dist-packages/colcon_core/task/python/colcon_distutils_commands:/home/drwise/ros2_ws/install/my_py_pkg/lib/python3.12/site-packages:${PYTHONPATH} /usr/bin/python3 -W ignore:setup.py install is deprecated -W ignore:easy_install command is deprecated setup.py egg_info --egg-base ../../build/my_py_pkg build --build-base /home/drwise/ros2_ws/build/my_py_pkg/build install --record /home/drwise/ros2_ws/build/my_py_pkg/install.log --single-version-externally-managed install_data
[1.272s] running egg_info
[1.292s] writing ../../build/my_py_pkg/my_py_pkg.egg-info/PKG-INFO
[1.293s] writing dependency_links to ../../build/my_py_pkg/my_py_pkg.egg-info/dependency_links.txt
[1.293s] writing entry points to ../../build/my_py_pkg/my_py_pkg.egg-info/entry_points.txt
[1.294s] writing requirements to ../../build/my_py_pkg/my_py_pkg.egg-info/requires.txt
[1.294s] writing top-level names to ../../build/my_py_pkg/my_py_pkg.egg-info/top_level.txt
[1.338s] reading manifest file '../../build/my_py_pkg/my_py_pkg.egg-info/SOURCES.txt'
[1.339s] writing manifest file '../../build/my_py_pkg/my_py_pkg.egg-info/SOURCES.txt'
[1.339s] running build
[1.339s] running build_py
[1.339s] running install
[1.345s] running install_lib
[1.360s] running install_data
[1.360s] running install_egg_info
[1.376s] removing '/home/drwise/ros2_ws/install/my_py_pkg/lib/python3.12/site-packages/my_py_pkg-0.0.0-py3.12.egg-info' (and everything under it)
[1.377s] Copying ../../build/my_py_pkg/my_py_pkg.egg-info to /home/drwise/ros2_ws/install/my_py_pkg/lib/python3.12/site-packages/my_py_pkg-0.0.0-py3.12.egg-info
[1.377s] running install_scripts
[1.486s] Installing my_custom_node script to /home/drwise/ros2_ws/install/my_py_pkg/lib/my_py_pkg
[1.487s] Installing number_publisher script to /home/drwise/ros2_ws/install/my_py_pkg/lib/my_py_pkg
[1.487s] Installing number_subscriber_node script to /home/drwise/ros2_ws/install/my_py_pkg/lib/my_py_pkg
[1.487s] writing list of installed files to '/home/drwise/ros2_ws/build/my_py_pkg/install.log'
[1.524s] Invoked command in '/home/drwise/ros2_ws/src/my_py_pkg' returned '0': DEBUGINFOD_URLS=https://debuginfod.ubuntu.com PYTHONPATH=/home/drwise/ros2_ws/build/my_py_pkg/prefix_override:/usr/lib/python3/dist-packages/colcon_core/task/python/colcon_distutils_commands:/home/drwise/ros2_ws/install/my_py_pkg/lib/python3.12/site-packages:${PYTHONPATH} /usr/bin/python3 -W ignore:setup.py install is deprecated -W ignore:easy_install command is deprecated setup.py egg_info --egg-base ../../build/my_py_pkg build --build-base /home/drwise/ros2_ws/build/my_py_pkg/build install --record /home/drwise/ros2_ws/build/my_py_pkg/install.log --single-version-externally-managed install_data
