[0.964s] Invoking command in '/home/drwise/ros2_ws/src/angular_vel_demo': DEBUGINFOD_URLS=https://debuginfod.ubuntu.com PYTHONPATH=/home/drwise/ros2_ws/build/angular_vel_demo/prefix_override:/usr/lib/python3/dist-packages/colcon_core/task/python/colcon_distutils_commands:/home/drwise/ros2_ws/install/angular_vel_demo/lib/python3.12/site-packages:${PYTHONPATH} /usr/bin/python3 -W ignore:setup.py install is deprecated -W ignore:easy_install command is deprecated setup.py egg_info --egg-base ../../build/angular_vel_demo build --build-base /home/drwise/ros2_ws/build/angular_vel_demo/build install --record /home/drwise/ros2_ws/build/angular_vel_demo/install.log --single-version-externally-managed install_data
[1.206s] running egg_info
[1.224s] writing ../../build/angular_vel_demo/angular_vel_demo.egg-info/PKG-INFO
[1.224s] writing dependency_links to ../../build/angular_vel_demo/angular_vel_demo.egg-info/dependency_links.txt
[1.225s] writing requirements to ../../build/angular_vel_demo/angular_vel_demo.egg-info/requires.txt
[1.225s] writing top-level names to ../../build/angular_vel_demo/angular_vel_demo.egg-info/top_level.txt
[1.256s] reading manifest file '../../build/angular_vel_demo/angular_vel_demo.egg-info/SOURCES.txt'
[1.257s] writing manifest file '../../build/angular_vel_demo/angular_vel_demo.egg-info/SOURCES.txt'
[1.257s] running build
[1.257s] running build_py
[1.257s] copying angular_vel_demo/angular_vel.py -> /home/drwise/ros2_ws/build/angular_vel_demo/build/lib/angular_vel_demo
[1.257s] running install
[1.264s] running install_lib
[1.281s] copying /home/drwise/ros2_ws/build/angular_vel_demo/build/lib/angular_vel_demo/angular_vel.py -> /home/drwise/ros2_ws/install/angular_vel_demo/lib/python3.12/site-packages/angular_vel_demo
[1.282s] byte-compiling /home/drwise/ros2_ws/install/angular_vel_demo/lib/python3.12/site-packages/angular_vel_demo/angular_vel.py to angular_vel.cpython-312.pyc
[1.283s] running install_data
[1.283s] running install_egg_info
[1.301s] removing '/home/drwise/ros2_ws/install/angular_vel_demo/lib/python3.12/site-packages/angular_vel_demo-0.0.0-py3.12.egg-info' (and everything under it)
[1.302s] Copying ../../build/angular_vel_demo/angular_vel_demo.egg-info to /home/drwise/ros2_ws/install/angular_vel_demo/lib/python3.12/site-packages/angular_vel_demo-0.0.0-py3.12.egg-info
[1.303s] running install_scripts
[1.418s] writing list of installed files to '/home/drwise/ros2_ws/build/angular_vel_demo/install.log'
[1.446s] Invoked command in '/home/drwise/ros2_ws/src/angular_vel_demo' returned '0': DEBUGINFOD_URLS=https://debuginfod.ubuntu.com PYTHONPATH=/home/drwise/ros2_ws/build/angular_vel_demo/prefix_override:/usr/lib/python3/dist-packages/colcon_core/task/python/colcon_distutils_commands:/home/drwise/ros2_ws/install/angular_vel_demo/lib/python3.12/site-packages:${PYTHONPATH} /usr/bin/python3 -W ignore:setup.py install is deprecated -W ignore:easy_install command is deprecated setup.py egg_info --egg-base ../../build/angular_vel_demo build --build-base /home/drwise/ros2_ws/build/angular_vel_demo/build install --record /home/drwise/ros2_ws/build/angular_vel_demo/install.log --single-version-externally-managed install_data
