running egg_info
creating ../../build/angular_vel_demo/angular_vel_demo.egg-info
writing ../../build/angular_vel_demo/angular_vel_demo.egg-info/PKG-INFO
writing dependency_links to ../../build/angular_vel_demo/angular_vel_demo.egg-info/dependency_links.txt
writing requirements to ../../build/angular_vel_demo/angular_vel_demo.egg-info/requires.txt
writing top-level names to ../../build/angular_vel_demo/angular_vel_demo.egg-info/top_level.txt
writing manifest file '../../build/angular_vel_demo/angular_vel_demo.egg-info/SOURCES.txt'
reading manifest file '../../build/angular_vel_demo/angular_vel_demo.egg-info/SOURCES.txt'
writing manifest file '../../build/angular_vel_demo/angular_vel_demo.egg-info/SOURCES.txt'
running build
running build_py
creating /home/drwise/ros2_ws/build/angular_vel_demo/build
creating /home/drwise/ros2_ws/build/angular_vel_demo/build/lib
creating /home/drwise/ros2_ws/build/angular_vel_demo/build/lib/angular_vel_demo
copying angular_vel_demo/__init__.py -> /home/drwise/ros2_ws/build/angular_vel_demo/build/lib/angular_vel_demo
running install
running install_lib
creating /home/drwise/ros2_ws/install/angular_vel_demo/lib/python3.12/site-packages/angular_vel_demo
copying /home/drwise/ros2_ws/build/angular_vel_demo/build/lib/angular_vel_demo/__init__.py -> /home/drwise/ros2_ws/install/angular_vel_demo/lib/python3.12/site-packages/angular_vel_demo
byte-compiling /home/drwise/ros2_ws/install/angular_vel_demo/lib/python3.12/site-packages/angular_vel_demo/__init__.py to __init__.cpython-312.pyc
running install_data
creating /home/drwise/ros2_ws/install/angular_vel_demo/share/ament_index
creating /home/drwise/ros2_ws/install/angular_vel_demo/share/ament_index/resource_index
creating /home/drwise/ros2_ws/install/angular_vel_demo/share/ament_index/resource_index/packages
copying resource/angular_vel_demo -> /home/drwise/ros2_ws/install/angular_vel_demo/share/ament_index/resource_index/packages
copying package.xml -> /home/drwise/ros2_ws/install/angular_vel_demo/share/angular_vel_demo
running install_egg_info
Copying ../../build/angular_vel_demo/angular_vel_demo.egg-info to /home/drwise/ros2_ws/install/angular_vel_demo/lib/python3.12/site-packages/angular_vel_demo-0.0.0-py3.12.egg-info
running install_scripts
writing list of installed files to '/home/drwise/ros2_ws/build/angular_vel_demo/install.log'
