[0.997s] Invoking command in '/home/drwise/ros2_ws/src/angular_vel_demo': DEBUGINFOD_URLS=https://debuginfod.ubuntu.com PYTHONPATH=/home/drwise/ros2_ws/build/angular_vel_demo/prefix_override:/usr/lib/python3/dist-packages/colcon_core/task/python/colcon_distutils_commands:/home/drwise/ros2_ws/install/angular_vel_demo/lib/python3.12/site-packages:${PYTHONPATH} /usr/bin/python3 -W ignore:setup.py install is deprecated -W ignore:easy_install command is deprecated setup.py egg_info --egg-base ../../build/angular_vel_demo build --build-base /home/drwise/ros2_ws/build/angular_vel_demo/build install --record /home/drwise/ros2_ws/build/angular_vel_demo/install.log --single-version-externally-managed install_data
[1.295s] running egg_info
[1.295s] creating ../../build/angular_vel_demo/angular_vel_demo.egg-info
[1.318s] writing ../../build/angular_vel_demo/angular_vel_demo.egg-info/PKG-INFO
[1.318s] writing dependency_links to ../../build/angular_vel_demo/angular_vel_demo.egg-info/dependency_links.txt
[1.319s] writing requirements to ../../build/angular_vel_demo/angular_vel_demo.egg-info/requires.txt
[1.319s] writing top-level names to ../../build/angular_vel_demo/angular_vel_demo.egg-info/top_level.txt
[1.319s] writing manifest file '../../build/angular_vel_demo/angular_vel_demo.egg-info/SOURCES.txt'
[1.355s] reading manifest file '../../build/angular_vel_demo/angular_vel_demo.egg-info/SOURCES.txt'
[1.356s] writing manifest file '../../build/angular_vel_demo/angular_vel_demo.egg-info/SOURCES.txt'
[1.357s] running build
[1.357s] running build_py
[1.357s] creating /home/drwise/ros2_ws/build/angular_vel_demo/build
[1.357s] creating /home/drwise/ros2_ws/build/angular_vel_demo/build/lib
[1.357s] creating /home/drwise/ros2_ws/build/angular_vel_demo/build/lib/angular_vel_demo
[1.358s] copying angular_vel_demo/__init__.py -> /home/drwise/ros2_ws/build/angular_vel_demo/build/lib/angular_vel_demo
[1.358s] running install
[1.364s] running install_lib
[1.380s] creating /home/drwise/ros2_ws/install/angular_vel_demo/lib/python3.12/site-packages/angular_vel_demo
[1.381s] copying /home/drwise/ros2_ws/build/angular_vel_demo/build/lib/angular_vel_demo/__init__.py -> /home/drwise/ros2_ws/install/angular_vel_demo/lib/python3.12/site-packages/angular_vel_demo
[1.381s] byte-compiling /home/drwise/ros2_ws/install/angular_vel_demo/lib/python3.12/site-packages/angular_vel_demo/__init__.py to __init__.cpython-312.pyc
[1.382s] running install_data
[1.382s] creating /home/drwise/ros2_ws/install/angular_vel_demo/share/ament_index
[1.382s] creating /home/drwise/ros2_ws/install/angular_vel_demo/share/ament_index/resource_index
[1.383s] creating /home/drwise/ros2_ws/install/angular_vel_demo/share/ament_index/resource_index/packages
[1.383s] copying resource/angular_vel_demo -> /home/drwise/ros2_ws/install/angular_vel_demo/share/ament_index/resource_index/packages
[1.383s] copying package.xml -> /home/drwise/ros2_ws/install/angular_vel_demo/share/angular_vel_demo
[1.383s] running install_egg_info
[1.402s] Copying ../../build/angular_vel_demo/angular_vel_demo.egg-info to /home/drwise/ros2_ws/install/angular_vel_demo/lib/python3.12/site-packages/angular_vel_demo-0.0.0-py3.12.egg-info
[1.403s] running install_scripts
[1.536s] writing list of installed files to '/home/drwise/ros2_ws/build/angular_vel_demo/install.log'
[1.569s] Invoked command in '/home/drwise/ros2_ws/src/angular_vel_demo' returned '0': DEBUGINFOD_URLS=https://debuginfod.ubuntu.com PYTHONPATH=/home/drwise/ros2_ws/build/angular_vel_demo/prefix_override:/usr/lib/python3/dist-packages/colcon_core/task/python/colcon_distutils_commands:/home/drwise/ros2_ws/install/angular_vel_demo/lib/python3.12/site-packages:${PYTHONPATH} /usr/bin/python3 -W ignore:setup.py install is deprecated -W ignore:easy_install command is deprecated setup.py egg_info --egg-base ../../build/angular_vel_demo build --build-base /home/drwise/ros2_ws/build/angular_vel_demo/build install --record /home/drwise/ros2_ws/build/angular_vel_demo/install.log --single-version-externally-managed install_data
