[0.024s] Invoking command in '/home/drwise/ros2_ws/build/my_cpp_pkg': CMAKE_PREFIX_PATH=${CMAKE_PREFIX_PATH}:/home/drwise/ros2_ws/install/my_py_pkg:/opt/ros/jazzy DEBUGINFOD_URLS=https://debuginfod.ubuntu.com /usr/bin/cmake --build /home/drwise/ros2_ws/build/my_cpp_pkg -- -j12 -l12
[0.290s] Invoked command in '/home/drwise/ros2_ws/build/my_cpp_pkg' returned '0': CMAKE_PREFIX_PATH=${CMAKE_PREFIX_PATH}:/home/drwise/ros2_ws/install/my_py_pkg:/opt/ros/jazzy DEBUGINFOD_URLS=https://debuginfod.ubuntu.com /usr/bin/cmake --build /home/drwise/ros2_ws/build/my_cpp_pkg -- -j12 -l12
[0.304s] Invoking command in '/home/drwise/ros2_ws/build/my_cpp_pkg': CMAKE_PREFIX_PATH=${CMAKE_PREFIX_PATH}:/home/drwise/ros2_ws/install/my_py_pkg:/opt/ros/jazzy DEBUGINFOD_URLS=https://debuginfod.ubuntu.com /usr/bin/cmake --install /home/drwise/ros2_ws/build/my_cpp_pkg
[0.322s] -- Install configuration: ""
[0.322s] -- Up-to-date: /home/drwise/ros2_ws/install/my_cpp_pkg/share/ament_index/resource_index/package_run_dependencies/my_cpp_pkg
[0.323s] -- Up-to-date: /home/drwise/ros2_ws/install/my_cpp_pkg/share/ament_index/resource_index/parent_prefix_path/my_cpp_pkg
[0.323s] -- Up-to-date: /home/drwise/ros2_ws/install/my_cpp_pkg/share/my_cpp_pkg/environment/ament_prefix_path.sh
[0.323s] -- Up-to-date: /home/drwise/ros2_ws/install/my_cpp_pkg/share/my_cpp_pkg/environment/ament_prefix_path.dsv
[0.323s] -- Up-to-date: /home/drwise/ros2_ws/install/my_cpp_pkg/share/my_cpp_pkg/environment/path.sh
[0.324s] -- Up-to-date: /home/drwise/ros2_ws/install/my_cpp_pkg/share/my_cpp_pkg/environment/path.dsv
[0.324s] -- Up-to-date: /home/drwise/ros2_ws/install/my_cpp_pkg/share/my_cpp_pkg/local_setup.bash
[0.324s] -- Up-to-date: /home/drwise/ros2_ws/install/my_cpp_pkg/share/my_cpp_pkg/local_setup.sh
[0.324s] -- Up-to-date: /home/drwise/ros2_ws/install/my_cpp_pkg/share/my_cpp_pkg/local_setup.zsh
[0.324s] -- Up-to-date: /home/drwise/ros2_ws/install/my_cpp_pkg/share/my_cpp_pkg/local_setup.dsv
[0.324s] -- Installing: /home/drwise/ros2_ws/install/my_cpp_pkg/share/my_cpp_pkg/package.dsv
[0.324s] -- Up-to-date: /home/drwise/ros2_ws/install/my_cpp_pkg/share/ament_index/resource_index/packages/my_cpp_pkg
[0.325s] -- Up-to-date: /home/drwise/ros2_ws/install/my_cpp_pkg/share/my_cpp_pkg/cmake/my_cpp_pkgConfig.cmake
[0.325s] -- Up-to-date: /home/drwise/ros2_ws/install/my_cpp_pkg/share/my_cpp_pkg/cmake/my_cpp_pkgConfig-version.cmake
[0.325s] -- Up-to-date: /home/drwise/ros2_ws/install/my_cpp_pkg/share/my_cpp_pkg/package.xml
[0.327s] Invoked command in '/home/drwise/ros2_ws/build/my_cpp_pkg' returned '0': CMAKE_PREFIX_PATH=${CMAKE_PREFIX_PATH}:/home/drwise/ros2_ws/install/my_py_pkg:/opt/ros/jazzy DEBUGINFOD_URLS=https://debuginfod.ubuntu.com /usr/bin/cmake --install /home/drwise/ros2_ws/build/my_cpp_pkg
