[0.968s] Invoking command in '/home/drwise/ros2_ws/src/angular_vel_demo': DEBUGINFOD_URLS=https://debuginfod.ubuntu.com PYTHONPATH=/home/drwise/ros2_ws/build/angular_vel_demo/prefix_override:/usr/lib/python3/dist-packages/colcon_core/task/python/colcon_distutils_commands:/home/drwise/ros2_ws/install/angular_vel_demo/lib/python3.12/site-packages:${PYTHONPATH} /usr/bin/python3 -W ignore:setup.py install is deprecated -W ignore:easy_install command is deprecated setup.py egg_info --egg-base ../../build/angular_vel_demo build --build-base /home/drwise/ros2_ws/build/angular_vel_demo/build install --record /home/drwise/ros2_ws/build/angular_vel_demo/install.log --single-version-externally-managed install_data
[1.211s] running egg_info
[1.229s] writing ../../build/angular_vel_demo/angular_vel_demo.egg-info/PKG-INFO
[1.230s] writing dependency_links to ../../build/angular_vel_demo/angular_vel_demo.egg-info/dependency_links.txt
[1.230s] writing entry points to ../../build/angular_vel_demo/angular_vel_demo.egg-info/entry_points.txt
[1.230s] writing requirements to ../../build/angular_vel_demo/angular_vel_demo.egg-info/requires.txt
[1.230s] writing top-level names to ../../build/angular_vel_demo/angular_vel_demo.egg-info/top_level.txt
[1.260s] reading manifest file '../../build/angular_vel_demo/angular_vel_demo.egg-info/SOURCES.txt'
[1.261s] writing manifest file '../../build/angular_vel_demo/angular_vel_demo.egg-info/SOURCES.txt'
[1.261s] running build
[1.261s] running build_py
[1.261s] running install
[1.267s] running install_lib
[1.284s] running install_data
[1.284s] running install_egg_info
[1.306s] removing '/home/drwise/ros2_ws/install/angular_vel_demo/lib/python3.12/site-packages/angular_vel_demo-0.0.0-py3.12.egg-info' (and everything under it)
[1.307s] Copying ../../build/angular_vel_demo/angular_vel_demo.egg-info to /home/drwise/ros2_ws/install/angular_vel_demo/lib/python3.12/site-packages/angular_vel_demo-0.0.0-py3.12.egg-info
[1.308s] running install_scripts
[1.418s] Installing circle_motion_node script to /home/drwise/ros2_ws/install/angular_vel_demo/lib/angular_vel_demo
[1.419s] writing list of installed files to '/home/drwise/ros2_ws/build/angular_vel_demo/install.log'
[1.446s] Invoked command in '/home/drwise/ros2_ws/src/angular_vel_demo' returned '0': DEBUGINFOD_URLS=https://debuginfod.ubuntu.com PYTHONPATH=/home/drwise/ros2_ws/build/angular_vel_demo/prefix_override:/usr/lib/python3/dist-packages/colcon_core/task/python/colcon_distutils_commands:/home/drwise/ros2_ws/install/angular_vel_demo/lib/python3.12/site-packages:${PYTHONPATH} /usr/bin/python3 -W ignore:setup.py install is deprecated -W ignore:easy_install command is deprecated setup.py egg_info --egg-base ../../build/angular_vel_demo build --build-base /home/drwise/ros2_ws/build/angular_vel_demo/build install --record /home/drwise/ros2_ws/build/angular_vel_demo/install.log --single-version-externally-managed install_data
